<?xml version="1.0" encoding="UTF-8"?>
<!-- Generated by org.testng.reporters.JUnitReportReporter -->
<testsuite skipped="0" hostname="MTL-Kiran" name="tests.Signupmb" tests="1" failures="0" timestamp="09 Dec 2019 20:24:58 GMT" time="18.971" errors="0">
  <testcase name="validCredentials" time="18.971" classname="tests.Signupmb"/>
</testsuite> <!-- tests.Signupmb -->
