<?xml version="1.0" encoding="UTF-8"?>
<!-- Generated by org.testng.reporters.JUnitReportReporter -->
<testsuite skipped="0" hostname="MTL-Kiran" name="test1.Signup" tests="1" failures="0" timestamp="2019-12-12T16:48:19 EST" time="26.334" errors="0">
  <testcase name="validCredentials" time="26.334" classname="test1.Signup"/>
</testsuite> <!-- test1.Signup -->
